[2015-01-28T02:48:22+05:30] INFO: Forking chef instance to converge...
[2015-01-28T02:48:22+05:30] INFO: Unable to access cache at /var/chef. Switching cache to /home/fedora/.chef
[2015-01-28T02:48:22+05:30] WARN: 
* * * * * * * * * * * * * * * * * * * * * * * * * * * * * * * * * * * * * * * *
SSL validation of HTTPS requests is disabled. HTTPS connections are still
encrypted, but chef is not able to detect forged replies or man in the middle
attacks.

To fix this issue add an entry like this to your configuration file:

```
  # Verify all HTTPS connections (recommended)
  ssl_verify_mode :verify_peer

  # OR, Verify only connections to chef-server
  verify_api_cert true
```

To check your SSL configuration, or troubleshoot errors, you can use the
`knife ssl check` command like so:

```
  knife ssl check -c /etc/chef/client.rb
```

* * * * * * * * * * * * * * * * * * * * * * * * * * * * * * * * * * * * * * * *

[2015-01-28T02:48:22+05:30] INFO: *** Chef 11.18.0.rc.1 ***
[2015-01-28T02:48:22+05:30] INFO: Chef-client pid: 8418
[2015-01-28T02:48:44+05:30] INFO: Client key /etc/chef/chefroot.pem is not present - registering
[0m
================================================================================[0m
[31mChef encountered an error attempting to create the client "chefroot"[0m
================================================================================[0m

[0m[2015-01-28T02:48:44+05:30] INFO: Unable to access cache at /var/chef. Switching cache to /home/fedora/.chef
[2015-01-28T02:48:44+05:30] INFO: Unable to access cache at /var/chef. Switching cache to /home/fedora/.chef
[2015-01-28T02:48:44+05:30] FATAL: Stacktrace dumped to /home/fedora/.chef/cache/chef-stacktrace.out
[2015-01-28T02:48:44+05:30] ERROR: I cannot write your private key to /etc/chef/chefroot.pem - check permissions?
[2015-01-28T02:48:44+05:30] FATAL: Chef::Exceptions::ChildConvergeError: Chef run process exited unsuccessfully (exit code 1)
